/home/tento/ros2_ws/src/robosys2024_ros/install/mypkg/lib/python3.12/site-packages/mypkg/zellers.py
/home/tento/ros2_ws/src/robosys2024_ros/install/mypkg/lib/python3.12/site-packages/mypkg/pubdate.py
/home/tento/ros2_ws/src/robosys2024_ros/install/mypkg/lib/python3.12/site-packages/mypkg/listener.py
/home/tento/ros2_ws/src/robosys2024_ros/install/mypkg/lib/python3.12/site-packages/mypkg/__init__.py
/home/tento/ros2_ws/src/robosys2024_ros/install/mypkg/lib/python3.12/site-packages/mypkg/__pycache__/zellers.cpython-312.pyc
/home/tento/ros2_ws/src/robosys2024_ros/install/mypkg/lib/python3.12/site-packages/mypkg/__pycache__/pubdate.cpython-312.pyc
/home/tento/ros2_ws/src/robosys2024_ros/install/mypkg/lib/python3.12/site-packages/mypkg/__pycache__/listener.cpython-312.pyc
/home/tento/ros2_ws/src/robosys2024_ros/install/mypkg/lib/python3.12/site-packages/mypkg/__pycache__/__init__.cpython-312.pyc
/home/tento/ros2_ws/src/robosys2024_ros/install/mypkg/share/ament_index/resource_index/packages/mypkg
/home/tento/ros2_ws/src/robosys2024_ros/install/mypkg/share/mypkg/package.xml
/home/tento/ros2_ws/src/robosys2024_ros/install/mypkg/share/mypkg
/home/tento/ros2_ws/src/robosys2024_ros/install/mypkg/lib/python3.12/site-packages/mypkg-0.0.1-py3.12.egg-info/top_level.txt
/home/tento/ros2_ws/src/robosys2024_ros/install/mypkg/lib/python3.12/site-packages/mypkg-0.0.1-py3.12.egg-info/zip-safe
/home/tento/ros2_ws/src/robosys2024_ros/install/mypkg/lib/python3.12/site-packages/mypkg-0.0.1-py3.12.egg-info/SOURCES.txt
/home/tento/ros2_ws/src/robosys2024_ros/install/mypkg/lib/python3.12/site-packages/mypkg-0.0.1-py3.12.egg-info/entry_points.txt
/home/tento/ros2_ws/src/robosys2024_ros/install/mypkg/lib/python3.12/site-packages/mypkg-0.0.1-py3.12.egg-info/PKG-INFO
/home/tento/ros2_ws/src/robosys2024_ros/install/mypkg/lib/python3.12/site-packages/mypkg-0.0.1-py3.12.egg-info/requires.txt
/home/tento/ros2_ws/src/robosys2024_ros/install/mypkg/lib/python3.12/site-packages/mypkg-0.0.1-py3.12.egg-info/dependency_links.txt
/home/tento/ros2_ws/src/robosys2024_ros/install/mypkg/lib/mypkg/listener
/home/tento/ros2_ws/src/robosys2024_ros/install/mypkg/lib/mypkg/pubdate
/home/tento/ros2_ws/src/robosys2024_ros/install/mypkg/lib/mypkg/zellers
